<?xml version="1.0" encoding="UTF-8"?>
<!-- Generated by org.testng.reporters.JUnitXMLReporter -->
<testsuite hostname="LAPTOP-TLR28ILL" failures="0" tests="8" name="DemoAutomationTest" time="51.552" errors="0" timestamp="23 Dec 2024 18:25:38 GMT">
  <testcase classname="DemoTask" name="loginWithEmptyData" time="6.674"/>
  <testcase classname="DemoTask" name="loginWithEmptyPassword" time="3.265"/>
  <testcase classname="DemoTask" name="loginWithEmptyUserName" time="3.627"/>
  <testcase classname="DemoTask" name="loginwithvalidUserNameAndInvalidPassword" time="5.737"/>
  <testcase classname="DemoTask" name="loginwithUserDoesNotExist" time="4.503"/>
  <testcase classname="DemoTask" name="loginWithBlockedUser" time="5.256"/>
  <testcase classname="DemoTask" name="loginWithValidCredentials" time="5.225"/>
  <testcase classname="DemoTask" name="logOut" time="5.855"/>
</testsuite> <!-- DemoAutomationTest -->
